[INFO  - 2017-06-02T19:28:22.384Z] GhostDriver - Main - running on port 30296
[INFO  - 2017-06-02T19:28:22.893Z] Session [a4514e80-47c9-11e7-bb6f-f74d60199109] - page.settings - {"XSSAuditingEnabled":false,"javascriptCanCloseWindows":true,"javascriptCanOpenWindows":true,"javascriptEnabled":true,"loadImages":true,"localToRemoteUrlAccessEnabled":false,"userAgent":"Mozilla/5.0 (Windows NT 6.2; WOW64) AppleWebKit/538.1 (KHTML, like Gecko) PhantomJS/2.0.0 Safari/538.1","webSecurityEnabled":true}
[INFO  - 2017-06-02T19:28:22.893Z] Session [a4514e80-47c9-11e7-bb6f-f74d60199109] - page.customHeaders:  - {}
[INFO  - 2017-06-02T19:28:22.894Z] Session [a4514e80-47c9-11e7-bb6f-f74d60199109] - Session.negotiatedCapabilities - {"browserName":"phantomjs","version":"2.0.0","driverName":"ghostdriver","driverVersion":"1.2.0","platform":"windows-8-32bit","javascriptEnabled":true,"takesScreenshot":true,"handlesAlerts":false,"databaseEnabled":false,"locationContextEnabled":false,"applicationCacheEnabled":false,"browserConnectionEnabled":false,"cssSelectorsEnabled":true,"webStorageEnabled":false,"rotatable":false,"acceptSslCerts":false,"nativeEvents":true,"proxy":{"proxyType":"direct"}}
[INFO  - 2017-06-02T19:28:22.894Z] SessionManagerReqHand - _postNewSessionCommand - New Session Created: a4514e80-47c9-11e7-bb6f-f74d60199109
[INFO  - 2017-06-02T19:28:23.495Z] ShutdownReqHand - _handle - About to shutdown
[INFO  - 2017-06-02T19:39:59.479Z] GhostDriver - Main - running on port 42978
[INFO  - 2017-06-02T19:39:59.816Z] Session [43b72a20-47cb-11e7-87b9-edc6b3ad6feb] - page.settings - {"XSSAuditingEnabled":false,"javascriptCanCloseWindows":true,"javascriptCanOpenWindows":true,"javascriptEnabled":true,"loadImages":true,"localToRemoteUrlAccessEnabled":false,"userAgent":"Mozilla/5.0 (Windows NT 6.2; WOW64) AppleWebKit/538.1 (KHTML, like Gecko) PhantomJS/2.0.0 Safari/538.1","webSecurityEnabled":true}
[INFO  - 2017-06-02T19:39:59.816Z] Session [43b72a20-47cb-11e7-87b9-edc6b3ad6feb] - page.customHeaders:  - {}
[INFO  - 2017-06-02T19:39:59.816Z] Session [43b72a20-47cb-11e7-87b9-edc6b3ad6feb] - Session.negotiatedCapabilities - {"browserName":"phantomjs","version":"2.0.0","driverName":"ghostdriver","driverVersion":"1.2.0","platform":"windows-8-32bit","javascriptEnabled":true,"takesScreenshot":true,"handlesAlerts":false,"databaseEnabled":false,"locationContextEnabled":false,"applicationCacheEnabled":false,"browserConnectionEnabled":false,"cssSelectorsEnabled":true,"webStorageEnabled":false,"rotatable":false,"acceptSslCerts":false,"nativeEvents":true,"proxy":{"proxyType":"direct"}}
[INFO  - 2017-06-02T19:39:59.816Z] SessionManagerReqHand - _postNewSessionCommand - New Session Created: 43b72a20-47cb-11e7-87b9-edc6b3ad6feb
[INFO  - 2017-06-02T19:40:00.115Z] ShutdownReqHand - _handle - About to shutdown
[INFO  - 2017-06-05T11:51:07.744Z] GhostDriver - Main - running on port 10353
[INFO  - 2017-06-05T11:51:09.621Z] Session [440b5020-49e5-11e7-ae82-ed0223c4244a] - page.settings - {"XSSAuditingEnabled":false,"javascriptCanCloseWindows":true,"javascriptCanOpenWindows":true,"javascriptEnabled":true,"loadImages":true,"localToRemoteUrlAccessEnabled":false,"userAgent":"Mozilla/5.0 (Windows NT 6.2; WOW64) AppleWebKit/538.1 (KHTML, like Gecko) PhantomJS/2.0.0 Safari/538.1","webSecurityEnabled":true}
[INFO  - 2017-06-05T11:51:09.621Z] Session [440b5020-49e5-11e7-ae82-ed0223c4244a] - page.customHeaders:  - {}
[INFO  - 2017-06-05T11:51:09.621Z] Session [440b5020-49e5-11e7-ae82-ed0223c4244a] - Session.negotiatedCapabilities - {"browserName":"phantomjs","version":"2.0.0","driverName":"ghostdriver","driverVersion":"1.2.0","platform":"windows-8-32bit","javascriptEnabled":true,"takesScreenshot":true,"handlesAlerts":false,"databaseEnabled":false,"locationContextEnabled":false,"applicationCacheEnabled":false,"browserConnectionEnabled":false,"cssSelectorsEnabled":true,"webStorageEnabled":false,"rotatable":false,"acceptSslCerts":false,"nativeEvents":true,"proxy":{"proxyType":"direct"}}
[INFO  - 2017-06-05T11:51:09.621Z] SessionManagerReqHand - _postNewSessionCommand - New Session Created: 440b5020-49e5-11e7-ae82-ed0223c4244a
[INFO  - 2017-06-05T11:51:10.434Z] ShutdownReqHand - _handle - About to shutdown
[INFO  - 2017-06-05T12:26:56.173Z] GhostDriver - Main - running on port 20991
[INFO  - 2017-06-05T12:26:57.040Z] Session [44036ea0-49ea-11e7-8465-2bad8909ca35] - page.settings - {"XSSAuditingEnabled":false,"javascriptCanCloseWindows":true,"javascriptCanOpenWindows":true,"javascriptEnabled":true,"loadImages":true,"localToRemoteUrlAccessEnabled":false,"userAgent":"Mozilla/5.0 (Windows NT 6.2; WOW64) AppleWebKit/538.1 (KHTML, like Gecko) PhantomJS/2.0.0 Safari/538.1","webSecurityEnabled":true}
[INFO  - 2017-06-05T12:26:57.040Z] Session [44036ea0-49ea-11e7-8465-2bad8909ca35] - page.customHeaders:  - {}
[INFO  - 2017-06-05T12:26:57.040Z] Session [44036ea0-49ea-11e7-8465-2bad8909ca35] - Session.negotiatedCapabilities - {"browserName":"phantomjs","version":"2.0.0","driverName":"ghostdriver","driverVersion":"1.2.0","platform":"windows-8-32bit","javascriptEnabled":true,"takesScreenshot":true,"handlesAlerts":false,"databaseEnabled":false,"locationContextEnabled":false,"applicationCacheEnabled":false,"browserConnectionEnabled":false,"cssSelectorsEnabled":true,"webStorageEnabled":false,"rotatable":false,"acceptSslCerts":false,"nativeEvents":true,"proxy":{"proxyType":"direct"}}
[INFO  - 2017-06-05T12:26:57.040Z] SessionManagerReqHand - _postNewSessionCommand - New Session Created: 44036ea0-49ea-11e7-8465-2bad8909ca35
[INFO  - 2017-06-05T12:26:57.519Z] ShutdownReqHand - _handle - About to shutdown
[INFO  - 2017-06-05T12:27:36.375Z] GhostDriver - Main - running on port 36639
[INFO  - 2017-06-05T12:27:36.718Z] Session [5ba9d080-49ea-11e7-833d-b990124b0321] - page.settings - {"XSSAuditingEnabled":false,"javascriptCanCloseWindows":true,"javascriptCanOpenWindows":true,"javascriptEnabled":true,"loadImages":true,"localToRemoteUrlAccessEnabled":false,"userAgent":"Mozilla/5.0 (Windows NT 6.2; WOW64) AppleWebKit/538.1 (KHTML, like Gecko) PhantomJS/2.0.0 Safari/538.1","webSecurityEnabled":true}
[INFO  - 2017-06-05T12:27:36.718Z] Session [5ba9d080-49ea-11e7-833d-b990124b0321] - page.customHeaders:  - {}
[INFO  - 2017-06-05T12:27:36.718Z] Session [5ba9d080-49ea-11e7-833d-b990124b0321] - Session.negotiatedCapabilities - {"browserName":"phantomjs","version":"2.0.0","driverName":"ghostdriver","driverVersion":"1.2.0","platform":"windows-8-32bit","javascriptEnabled":true,"takesScreenshot":true,"handlesAlerts":false,"databaseEnabled":false,"locationContextEnabled":false,"applicationCacheEnabled":false,"browserConnectionEnabled":false,"cssSelectorsEnabled":true,"webStorageEnabled":false,"rotatable":false,"acceptSslCerts":false,"nativeEvents":true,"proxy":{"proxyType":"direct"}}
[INFO  - 2017-06-05T12:27:36.718Z] SessionManagerReqHand - _postNewSessionCommand - New Session Created: 5ba9d080-49ea-11e7-833d-b990124b0321
[INFO  - 2017-06-05T12:27:37.027Z] ShutdownReqHand - _handle - About to shutdown
[INFO  - 2017-06-05T12:36:39.393Z] GhostDriver - Main - running on port 35955
[INFO  - 2017-06-05T12:36:39.756Z] Session [9f568840-49eb-11e7-a58d-2903ec252864] - page.settings - {"XSSAuditingEnabled":false,"javascriptCanCloseWindows":true,"javascriptCanOpenWindows":true,"javascriptEnabled":true,"loadImages":true,"localToRemoteUrlAccessEnabled":false,"userAgent":"Mozilla/5.0 (Windows NT 6.2; WOW64) AppleWebKit/538.1 (KHTML, like Gecko) PhantomJS/2.0.0 Safari/538.1","webSecurityEnabled":true}
[INFO  - 2017-06-05T12:36:39.756Z] Session [9f568840-49eb-11e7-a58d-2903ec252864] - page.customHeaders:  - {}
[INFO  - 2017-06-05T12:36:39.756Z] Session [9f568840-49eb-11e7-a58d-2903ec252864] - Session.negotiatedCapabilities - {"browserName":"phantomjs","version":"2.0.0","driverName":"ghostdriver","driverVersion":"1.2.0","platform":"windows-8-32bit","javascriptEnabled":true,"takesScreenshot":true,"handlesAlerts":false,"databaseEnabled":false,"locationContextEnabled":false,"applicationCacheEnabled":false,"browserConnectionEnabled":false,"cssSelectorsEnabled":true,"webStorageEnabled":false,"rotatable":false,"acceptSslCerts":false,"nativeEvents":true,"proxy":{"proxyType":"direct"}}
[INFO  - 2017-06-05T12:36:39.757Z] SessionManagerReqHand - _postNewSessionCommand - New Session Created: 9f568840-49eb-11e7-a58d-2903ec252864
[INFO  - 2017-06-05T12:36:40.067Z] ShutdownReqHand - _handle - About to shutdown
[INFO  - 2017-06-05T12:41:32.127Z] GhostDriver - Main - running on port 15723
[INFO  - 2017-06-05T12:41:32.476Z] Session [4dd08470-49ec-11e7-90b7-ff18e8ea6372] - page.settings - {"XSSAuditingEnabled":false,"javascriptCanCloseWindows":true,"javascriptCanOpenWindows":true,"javascriptEnabled":true,"loadImages":true,"localToRemoteUrlAccessEnabled":false,"userAgent":"Mozilla/5.0 (Windows NT 6.2; WOW64) AppleWebKit/538.1 (KHTML, like Gecko) PhantomJS/2.0.0 Safari/538.1","webSecurityEnabled":true}
[INFO  - 2017-06-05T12:41:32.476Z] Session [4dd08470-49ec-11e7-90b7-ff18e8ea6372] - page.customHeaders:  - {}
[INFO  - 2017-06-05T12:41:32.476Z] Session [4dd08470-49ec-11e7-90b7-ff18e8ea6372] - Session.negotiatedCapabilities - {"browserName":"phantomjs","version":"2.0.0","driverName":"ghostdriver","driverVersion":"1.2.0","platform":"windows-8-32bit","javascriptEnabled":true,"takesScreenshot":true,"handlesAlerts":false,"databaseEnabled":false,"locationContextEnabled":false,"applicationCacheEnabled":false,"browserConnectionEnabled":false,"cssSelectorsEnabled":true,"webStorageEnabled":false,"rotatable":false,"acceptSslCerts":false,"nativeEvents":true,"proxy":{"proxyType":"direct"}}
[INFO  - 2017-06-05T12:41:32.476Z] SessionManagerReqHand - _postNewSessionCommand - New Session Created: 4dd08470-49ec-11e7-90b7-ff18e8ea6372
[INFO  - 2017-06-05T12:41:32.772Z] ShutdownReqHand - _handle - About to shutdown
[INFO  - 2017-06-05T12:42:09.595Z] GhostDriver - Main - running on port 17351
[INFO  - 2017-06-05T12:42:09.924Z] Session [642279e0-49ec-11e7-ad6a-8739e03cab6e] - page.settings - {"XSSAuditingEnabled":false,"javascriptCanCloseWindows":true,"javascriptCanOpenWindows":true,"javascriptEnabled":true,"loadImages":true,"localToRemoteUrlAccessEnabled":false,"userAgent":"Mozilla/5.0 (Windows NT 6.2; WOW64) AppleWebKit/538.1 (KHTML, like Gecko) PhantomJS/2.0.0 Safari/538.1","webSecurityEnabled":true}
[INFO  - 2017-06-05T12:42:09.924Z] Session [642279e0-49ec-11e7-ad6a-8739e03cab6e] - page.customHeaders:  - {}
[INFO  - 2017-06-05T12:42:09.924Z] Session [642279e0-49ec-11e7-ad6a-8739e03cab6e] - Session.negotiatedCapabilities - {"browserName":"phantomjs","version":"2.0.0","driverName":"ghostdriver","driverVersion":"1.2.0","platform":"windows-8-32bit","javascriptEnabled":true,"takesScreenshot":true,"handlesAlerts":false,"databaseEnabled":false,"locationContextEnabled":false,"applicationCacheEnabled":false,"browserConnectionEnabled":false,"cssSelectorsEnabled":true,"webStorageEnabled":false,"rotatable":false,"acceptSslCerts":false,"nativeEvents":true,"proxy":{"proxyType":"direct"}}
[INFO  - 2017-06-05T12:42:09.924Z] SessionManagerReqHand - _postNewSessionCommand - New Session Created: 642279e0-49ec-11e7-ad6a-8739e03cab6e
[INFO  - 2017-06-05T12:42:10.220Z] ShutdownReqHand - _handle - About to shutdown
[INFO  - 2017-06-05T13:08:37.422Z] GhostDriver - Main - running on port 46154
[INFO  - 2017-06-05T13:08:37.721Z] Session [16891230-49f0-11e7-8f81-a78c646c4085] - page.settings - {"XSSAuditingEnabled":false,"javascriptCanCloseWindows":true,"javascriptCanOpenWindows":true,"javascriptEnabled":true,"loadImages":true,"localToRemoteUrlAccessEnabled":false,"userAgent":"Mozilla/5.0 (Windows NT 6.2; WOW64) AppleWebKit/538.1 (KHTML, like Gecko) PhantomJS/2.0.0 Safari/538.1","webSecurityEnabled":true}
[INFO  - 2017-06-05T13:08:37.721Z] Session [16891230-49f0-11e7-8f81-a78c646c4085] - page.customHeaders:  - {}
[INFO  - 2017-06-05T13:08:37.721Z] Session [16891230-49f0-11e7-8f81-a78c646c4085] - Session.negotiatedCapabilities - {"browserName":"phantomjs","version":"2.0.0","driverName":"ghostdriver","driverVersion":"1.2.0","platform":"windows-8-32bit","javascriptEnabled":true,"takesScreenshot":true,"handlesAlerts":false,"databaseEnabled":false,"locationContextEnabled":false,"applicationCacheEnabled":false,"browserConnectionEnabled":false,"cssSelectorsEnabled":true,"webStorageEnabled":false,"rotatable":false,"acceptSslCerts":false,"nativeEvents":true,"proxy":{"proxyType":"direct"}}
[INFO  - 2017-06-05T13:08:37.721Z] SessionManagerReqHand - _postNewSessionCommand - New Session Created: 16891230-49f0-11e7-8f81-a78c646c4085
[INFO  - 2017-06-05T13:08:38.021Z] ShutdownReqHand - _handle - About to shutdown
[INFO  - 2017-06-05T13:10:36.190Z] GhostDriver - Main - running on port 23697
[INFO  - 2017-06-05T13:10:36.507Z] Session [5d568760-49f0-11e7-a4d5-4ba5c64110ee] - page.settings - {"XSSAuditingEnabled":false,"javascriptCanCloseWindows":true,"javascriptCanOpenWindows":true,"javascriptEnabled":true,"loadImages":true,"localToRemoteUrlAccessEnabled":false,"userAgent":"Mozilla/5.0 (Windows NT 6.2; WOW64) AppleWebKit/538.1 (KHTML, like Gecko) PhantomJS/2.0.0 Safari/538.1","webSecurityEnabled":true}
[INFO  - 2017-06-05T13:10:36.508Z] Session [5d568760-49f0-11e7-a4d5-4ba5c64110ee] - page.customHeaders:  - {}
[INFO  - 2017-06-05T13:10:36.508Z] Session [5d568760-49f0-11e7-a4d5-4ba5c64110ee] - Session.negotiatedCapabilities - {"browserName":"phantomjs","version":"2.0.0","driverName":"ghostdriver","driverVersion":"1.2.0","platform":"windows-8-32bit","javascriptEnabled":true,"takesScreenshot":true,"handlesAlerts":false,"databaseEnabled":false,"locationContextEnabled":false,"applicationCacheEnabled":false,"browserConnectionEnabled":false,"cssSelectorsEnabled":true,"webStorageEnabled":false,"rotatable":false,"acceptSslCerts":false,"nativeEvents":true,"proxy":{"proxyType":"direct"}}
[INFO  - 2017-06-05T13:10:36.508Z] SessionManagerReqHand - _postNewSessionCommand - New Session Created: 5d568760-49f0-11e7-a4d5-4ba5c64110ee
[INFO  - 2017-06-05T13:10:36.817Z] ShutdownReqHand - _handle - About to shutdown
[INFO  - 2017-06-05T14:32:46.037Z] GhostDriver - Main - running on port 21307
[INFO  - 2017-06-05T14:32:47.009Z] Session [d8256dc0-49fb-11e7-91df-bb039348f7f7] - page.settings - {"XSSAuditingEnabled":false,"javascriptCanCloseWindows":true,"javascriptCanOpenWindows":true,"javascriptEnabled":true,"loadImages":true,"localToRemoteUrlAccessEnabled":false,"userAgent":"Mozilla/5.0 (Windows NT 6.2; WOW64) AppleWebKit/538.1 (KHTML, like Gecko) PhantomJS/2.0.0 Safari/538.1","webSecurityEnabled":true}
[INFO  - 2017-06-05T14:32:47.009Z] Session [d8256dc0-49fb-11e7-91df-bb039348f7f7] - page.customHeaders:  - {}
[INFO  - 2017-06-05T14:32:47.010Z] Session [d8256dc0-49fb-11e7-91df-bb039348f7f7] - Session.negotiatedCapabilities - {"browserName":"phantomjs","version":"2.0.0","driverName":"ghostdriver","driverVersion":"1.2.0","platform":"windows-8-32bit","javascriptEnabled":true,"takesScreenshot":true,"handlesAlerts":false,"databaseEnabled":false,"locationContextEnabled":false,"applicationCacheEnabled":false,"browserConnectionEnabled":false,"cssSelectorsEnabled":true,"webStorageEnabled":false,"rotatable":false,"acceptSslCerts":false,"nativeEvents":true,"proxy":{"proxyType":"direct"}}
[INFO  - 2017-06-05T14:32:47.010Z] SessionManagerReqHand - _postNewSessionCommand - New Session Created: d8256dc0-49fb-11e7-91df-bb039348f7f7
[INFO  - 2017-06-05T14:32:47.341Z] ShutdownReqHand - _handle - About to shutdown
[INFO  - 2017-06-06T13:19:08.259Z] GhostDriver - Main - running on port 42262
[INFO  - 2017-06-06T13:19:08.499Z] Session [b8ebe7d0-4aba-11e7-b0ec-7dd2c2c9e163] - page.settings - {"XSSAuditingEnabled":false,"javascriptCanCloseWindows":true,"javascriptCanOpenWindows":true,"javascriptEnabled":true,"loadImages":true,"localToRemoteUrlAccessEnabled":false,"userAgent":"Mozilla/5.0 (Windows NT 6.2; WOW64) AppleWebKit/538.1 (KHTML, like Gecko) PhantomJS/2.0.0 Safari/538.1","webSecurityEnabled":true}
[INFO  - 2017-06-06T13:19:08.499Z] Session [b8ebe7d0-4aba-11e7-b0ec-7dd2c2c9e163] - page.customHeaders:  - {}
[INFO  - 2017-06-06T13:19:08.499Z] Session [b8ebe7d0-4aba-11e7-b0ec-7dd2c2c9e163] - Session.negotiatedCapabilities - {"browserName":"phantomjs","version":"2.0.0","driverName":"ghostdriver","driverVersion":"1.2.0","platform":"windows-8-32bit","javascriptEnabled":true,"takesScreenshot":true,"handlesAlerts":false,"databaseEnabled":false,"locationContextEnabled":false,"applicationCacheEnabled":false,"browserConnectionEnabled":false,"cssSelectorsEnabled":true,"webStorageEnabled":false,"rotatable":false,"acceptSslCerts":false,"nativeEvents":true,"proxy":{"proxyType":"direct"}}
[INFO  - 2017-06-06T13:19:08.499Z] SessionManagerReqHand - _postNewSessionCommand - New Session Created: b8ebe7d0-4aba-11e7-b0ec-7dd2c2c9e163
[INFO  - 2017-06-06T13:19:08.980Z] ShutdownReqHand - _handle - About to shutdown
[INFO  - 2017-06-06T13:41:37.708Z] GhostDriver - Main - running on port 12639
[INFO  - 2017-06-06T13:41:37.932Z] Session [dd3f0a60-4abd-11e7-aafc-d1d45a6774f1] - page.settings - {"XSSAuditingEnabled":false,"javascriptCanCloseWindows":true,"javascriptCanOpenWindows":true,"javascriptEnabled":true,"loadImages":true,"localToRemoteUrlAccessEnabled":false,"userAgent":"Mozilla/5.0 (Windows NT 6.2; WOW64) AppleWebKit/538.1 (KHTML, like Gecko) PhantomJS/2.0.0 Safari/538.1","webSecurityEnabled":true}
[INFO  - 2017-06-06T13:41:37.932Z] Session [dd3f0a60-4abd-11e7-aafc-d1d45a6774f1] - page.customHeaders:  - {}
[INFO  - 2017-06-06T13:41:37.932Z] Session [dd3f0a60-4abd-11e7-aafc-d1d45a6774f1] - Session.negotiatedCapabilities - {"browserName":"phantomjs","version":"2.0.0","driverName":"ghostdriver","driverVersion":"1.2.0","platform":"windows-8-32bit","javascriptEnabled":true,"takesScreenshot":true,"handlesAlerts":false,"databaseEnabled":false,"locationContextEnabled":false,"applicationCacheEnabled":false,"browserConnectionEnabled":false,"cssSelectorsEnabled":true,"webStorageEnabled":false,"rotatable":false,"acceptSslCerts":false,"nativeEvents":true,"proxy":{"proxyType":"direct"}}
[INFO  - 2017-06-06T13:41:37.932Z] SessionManagerReqHand - _postNewSessionCommand - New Session Created: dd3f0a60-4abd-11e7-aafc-d1d45a6774f1
[INFO  - 2017-06-06T13:41:38.229Z] ShutdownReqHand - _handle - About to shutdown
[INFO  - 2017-06-06T14:48:40.384Z] GhostDriver - Main - running on port 12886
[INFO  - 2017-06-06T14:48:40.678Z] Session [3afd5e00-4ac7-11e7-8942-2bc002a30627] - page.settings - {"XSSAuditingEnabled":false,"javascriptCanCloseWindows":true,"javascriptCanOpenWindows":true,"javascriptEnabled":true,"loadImages":true,"localToRemoteUrlAccessEnabled":false,"userAgent":"Mozilla/5.0 (Windows NT 6.2; WOW64) AppleWebKit/538.1 (KHTML, like Gecko) PhantomJS/2.0.0 Safari/538.1","webSecurityEnabled":true}
[INFO  - 2017-06-06T14:48:40.678Z] Session [3afd5e00-4ac7-11e7-8942-2bc002a30627] - page.customHeaders:  - {}
[INFO  - 2017-06-06T14:48:40.678Z] Session [3afd5e00-4ac7-11e7-8942-2bc002a30627] - Session.negotiatedCapabilities - {"browserName":"phantomjs","version":"2.0.0","driverName":"ghostdriver","driverVersion":"1.2.0","platform":"windows-8-32bit","javascriptEnabled":true,"takesScreenshot":true,"handlesAlerts":false,"databaseEnabled":false,"locationContextEnabled":false,"applicationCacheEnabled":false,"browserConnectionEnabled":false,"cssSelectorsEnabled":true,"webStorageEnabled":false,"rotatable":false,"acceptSslCerts":false,"nativeEvents":true,"proxy":{"proxyType":"direct"}}
[INFO  - 2017-06-06T14:48:40.678Z] SessionManagerReqHand - _postNewSessionCommand - New Session Created: 3afd5e00-4ac7-11e7-8942-2bc002a30627
[INFO  - 2017-06-06T14:48:40.982Z] ShutdownReqHand - _handle - About to shutdown
[INFO  - 2017-06-07T15:00:58.370Z] GhostDriver - Main - running on port 17970
[INFO  - 2017-06-07T15:00:59.025Z] Session [1d7e14c0-4b92-11e7-8a86-ed04f8e2cf4a] - page.settings - {"XSSAuditingEnabled":false,"javascriptCanCloseWindows":true,"javascriptCanOpenWindows":true,"javascriptEnabled":true,"loadImages":true,"localToRemoteUrlAccessEnabled":false,"userAgent":"Mozilla/5.0 (Windows NT 6.2; WOW64) AppleWebKit/538.1 (KHTML, like Gecko) PhantomJS/2.0.0 Safari/538.1","webSecurityEnabled":true}
[INFO  - 2017-06-07T15:00:59.026Z] Session [1d7e14c0-4b92-11e7-8a86-ed04f8e2cf4a] - page.customHeaders:  - {}
[INFO  - 2017-06-07T15:00:59.026Z] Session [1d7e14c0-4b92-11e7-8a86-ed04f8e2cf4a] - Session.negotiatedCapabilities - {"browserName":"phantomjs","version":"2.0.0","driverName":"ghostdriver","driverVersion":"1.2.0","platform":"windows-8-32bit","javascriptEnabled":true,"takesScreenshot":true,"handlesAlerts":false,"databaseEnabled":false,"locationContextEnabled":false,"applicationCacheEnabled":false,"browserConnectionEnabled":false,"cssSelectorsEnabled":true,"webStorageEnabled":false,"rotatable":false,"acceptSslCerts":false,"nativeEvents":true,"proxy":{"proxyType":"direct"}}
[INFO  - 2017-06-07T15:00:59.026Z] SessionManagerReqHand - _postNewSessionCommand - New Session Created: 1d7e14c0-4b92-11e7-8a86-ed04f8e2cf4a
[INFO  - 2017-06-07T15:00:59.526Z] ShutdownReqHand - _handle - About to shutdown
[INFO  - 2017-06-07T17:21:05.436Z] GhostDriver - Main - running on port 45802
[INFO  - 2017-06-07T17:21:05.770Z] Session [b04d9150-4ba5-11e7-b201-67f2cd755da3] - page.settings - {"XSSAuditingEnabled":false,"javascriptCanCloseWindows":true,"javascriptCanOpenWindows":true,"javascriptEnabled":true,"loadImages":true,"localToRemoteUrlAccessEnabled":false,"userAgent":"Mozilla/5.0 (Windows NT 6.2; WOW64) AppleWebKit/538.1 (KHTML, like Gecko) PhantomJS/2.0.0 Safari/538.1","webSecurityEnabled":true}
[INFO  - 2017-06-07T17:21:05.771Z] Session [b04d9150-4ba5-11e7-b201-67f2cd755da3] - page.customHeaders:  - {}
[INFO  - 2017-06-07T17:21:05.771Z] Session [b04d9150-4ba5-11e7-b201-67f2cd755da3] - Session.negotiatedCapabilities - {"browserName":"phantomjs","version":"2.0.0","driverName":"ghostdriver","driverVersion":"1.2.0","platform":"windows-8-32bit","javascriptEnabled":true,"takesScreenshot":true,"handlesAlerts":false,"databaseEnabled":false,"locationContextEnabled":false,"applicationCacheEnabled":false,"browserConnectionEnabled":false,"cssSelectorsEnabled":true,"webStorageEnabled":false,"rotatable":false,"acceptSslCerts":false,"nativeEvents":true,"proxy":{"proxyType":"direct"}}
[INFO  - 2017-06-07T17:21:05.771Z] SessionManagerReqHand - _postNewSessionCommand - New Session Created: b04d9150-4ba5-11e7-b201-67f2cd755da3
[INFO  - 2017-06-07T17:21:06.068Z] ShutdownReqHand - _handle - About to shutdown
[INFO  - 2017-06-07T17:35:58.731Z] GhostDriver - Main - running on port 45816
[INFO  - 2017-06-07T17:35:59.033Z] Session [c4baaf40-4ba7-11e7-892a-49542a2ccbd0] - page.settings - {"XSSAuditingEnabled":false,"javascriptCanCloseWindows":true,"javascriptCanOpenWindows":true,"javascriptEnabled":true,"loadImages":true,"localToRemoteUrlAccessEnabled":false,"userAgent":"Mozilla/5.0 (Windows NT 6.2; WOW64) AppleWebKit/538.1 (KHTML, like Gecko) PhantomJS/2.0.0 Safari/538.1","webSecurityEnabled":true}
[INFO  - 2017-06-07T17:35:59.033Z] Session [c4baaf40-4ba7-11e7-892a-49542a2ccbd0] - page.customHeaders:  - {}
[INFO  - 2017-06-07T17:35:59.033Z] Session [c4baaf40-4ba7-11e7-892a-49542a2ccbd0] - Session.negotiatedCapabilities - {"browserName":"phantomjs","version":"2.0.0","driverName":"ghostdriver","driverVersion":"1.2.0","platform":"windows-8-32bit","javascriptEnabled":true,"takesScreenshot":true,"handlesAlerts":false,"databaseEnabled":false,"locationContextEnabled":false,"applicationCacheEnabled":false,"browserConnectionEnabled":false,"cssSelectorsEnabled":true,"webStorageEnabled":false,"rotatable":false,"acceptSslCerts":false,"nativeEvents":true,"proxy":{"proxyType":"direct"}}
[INFO  - 2017-06-07T17:35:59.033Z] SessionManagerReqHand - _postNewSessionCommand - New Session Created: c4baaf40-4ba7-11e7-892a-49542a2ccbd0
[INFO  - 2017-06-07T17:35:59.338Z] ShutdownReqHand - _handle - About to shutdown
[INFO  - 2017-06-07T17:56:24.494Z] GhostDriver - Main - running on port 5155
[INFO  - 2017-06-07T17:56:24.818Z] Session [9f5a7ac0-4baa-11e7-8097-6d3285df6216] - page.settings - {"XSSAuditingEnabled":false,"javascriptCanCloseWindows":true,"javascriptCanOpenWindows":true,"javascriptEnabled":true,"loadImages":true,"localToRemoteUrlAccessEnabled":false,"userAgent":"Mozilla/5.0 (Windows NT 6.2; WOW64) AppleWebKit/538.1 (KHTML, like Gecko) PhantomJS/2.0.0 Safari/538.1","webSecurityEnabled":true}
[INFO  - 2017-06-07T17:56:24.818Z] Session [9f5a7ac0-4baa-11e7-8097-6d3285df6216] - page.customHeaders:  - {}
[INFO  - 2017-06-07T17:56:24.818Z] Session [9f5a7ac0-4baa-11e7-8097-6d3285df6216] - Session.negotiatedCapabilities - {"browserName":"phantomjs","version":"2.0.0","driverName":"ghostdriver","driverVersion":"1.2.0","platform":"windows-8-32bit","javascriptEnabled":true,"takesScreenshot":true,"handlesAlerts":false,"databaseEnabled":false,"locationContextEnabled":false,"applicationCacheEnabled":false,"browserConnectionEnabled":false,"cssSelectorsEnabled":true,"webStorageEnabled":false,"rotatable":false,"acceptSslCerts":false,"nativeEvents":true,"proxy":{"proxyType":"direct"}}
[INFO  - 2017-06-07T17:56:24.818Z] SessionManagerReqHand - _postNewSessionCommand - New Session Created: 9f5a7ac0-4baa-11e7-8097-6d3285df6216
[INFO  - 2017-06-07T17:56:25.292Z] ShutdownReqHand - _handle - About to shutdown
[INFO  - 2017-06-09T19:26:54.692Z] GhostDriver - Main - running on port 40278
[INFO  - 2017-06-09T19:26:55.142Z] Session [98e7aa00-4d49-11e7-b9ed-c37327e18b58] - page.settings - {"XSSAuditingEnabled":false,"javascriptCanCloseWindows":true,"javascriptCanOpenWindows":true,"javascriptEnabled":true,"loadImages":true,"localToRemoteUrlAccessEnabled":false,"userAgent":"Mozilla/5.0 (Windows NT 6.2; WOW64) AppleWebKit/538.1 (KHTML, like Gecko) PhantomJS/2.0.0 Safari/538.1","webSecurityEnabled":true}
[INFO  - 2017-06-09T19:26:55.142Z] Session [98e7aa00-4d49-11e7-b9ed-c37327e18b58] - page.customHeaders:  - {}
[INFO  - 2017-06-09T19:26:55.142Z] Session [98e7aa00-4d49-11e7-b9ed-c37327e18b58] - Session.negotiatedCapabilities - {"browserName":"phantomjs","version":"2.0.0","driverName":"ghostdriver","driverVersion":"1.2.0","platform":"windows-8-32bit","javascriptEnabled":true,"takesScreenshot":true,"handlesAlerts":false,"databaseEnabled":false,"locationContextEnabled":false,"applicationCacheEnabled":false,"browserConnectionEnabled":false,"cssSelectorsEnabled":true,"webStorageEnabled":false,"rotatable":false,"acceptSslCerts":false,"nativeEvents":true,"proxy":{"proxyType":"direct"}}
[INFO  - 2017-06-09T19:26:55.142Z] SessionManagerReqHand - _postNewSessionCommand - New Session Created: 98e7aa00-4d49-11e7-b9ed-c37327e18b58
[INFO  - 2017-06-09T19:26:55.730Z] ShutdownReqHand - _handle - About to shutdown
[INFO  - 2017-06-12T17:21:50.842Z] GhostDriver - Main - running on port 34274
[INFO  - 2017-06-12T17:21:51.076Z] Session [9f5f01c0-4f93-11e7-a8ca-2378d9bc7792] - page.settings - {"XSSAuditingEnabled":false,"javascriptCanCloseWindows":true,"javascriptCanOpenWindows":true,"javascriptEnabled":true,"loadImages":true,"localToRemoteUrlAccessEnabled":false,"userAgent":"Mozilla/5.0 (Windows NT 6.2; WOW64) AppleWebKit/538.1 (KHTML, like Gecko) PhantomJS/2.0.0 Safari/538.1","webSecurityEnabled":true}
[INFO  - 2017-06-12T17:21:51.076Z] Session [9f5f01c0-4f93-11e7-a8ca-2378d9bc7792] - page.customHeaders:  - {}
[INFO  - 2017-06-12T17:21:51.077Z] Session [9f5f01c0-4f93-11e7-a8ca-2378d9bc7792] - Session.negotiatedCapabilities - {"browserName":"phantomjs","version":"2.0.0","driverName":"ghostdriver","driverVersion":"1.2.0","platform":"windows-8-32bit","javascriptEnabled":true,"takesScreenshot":true,"handlesAlerts":false,"databaseEnabled":false,"locationContextEnabled":false,"applicationCacheEnabled":false,"browserConnectionEnabled":false,"cssSelectorsEnabled":true,"webStorageEnabled":false,"rotatable":false,"acceptSslCerts":false,"nativeEvents":true,"proxy":{"proxyType":"direct"}}
[INFO  - 2017-06-12T17:21:51.077Z] SessionManagerReqHand - _postNewSessionCommand - New Session Created: 9f5f01c0-4f93-11e7-a8ca-2378d9bc7792
[INFO  - 2017-06-12T17:21:51.775Z] ShutdownReqHand - _handle - About to shutdown
[INFO  - 2017-06-14T17:44:24.429Z] GhostDriver - Main - running on port 48231
[INFO  - 2017-06-14T17:44:24.953Z] Session [1b2c0c30-5129-11e7-a7ab-11b617c818e8] - page.settings - {"XSSAuditingEnabled":false,"javascriptCanCloseWindows":true,"javascriptCanOpenWindows":true,"javascriptEnabled":true,"loadImages":true,"localToRemoteUrlAccessEnabled":false,"userAgent":"Mozilla/5.0 (Windows NT 6.2; WOW64) AppleWebKit/538.1 (KHTML, like Gecko) PhantomJS/2.0.0 Safari/538.1","webSecurityEnabled":true}
[INFO  - 2017-06-14T17:44:24.953Z] Session [1b2c0c30-5129-11e7-a7ab-11b617c818e8] - page.customHeaders:  - {}
[INFO  - 2017-06-14T17:44:24.953Z] Session [1b2c0c30-5129-11e7-a7ab-11b617c818e8] - Session.negotiatedCapabilities - {"browserName":"phantomjs","version":"2.0.0","driverName":"ghostdriver","driverVersion":"1.2.0","platform":"windows-8-32bit","javascriptEnabled":true,"takesScreenshot":true,"handlesAlerts":false,"databaseEnabled":false,"locationContextEnabled":false,"applicationCacheEnabled":false,"browserConnectionEnabled":false,"cssSelectorsEnabled":true,"webStorageEnabled":false,"rotatable":false,"acceptSslCerts":false,"nativeEvents":true,"proxy":{"proxyType":"direct"}}
[INFO  - 2017-06-14T17:44:24.953Z] SessionManagerReqHand - _postNewSessionCommand - New Session Created: 1b2c0c30-5129-11e7-a7ab-11b617c818e8
[INFO  - 2017-06-14T17:44:25.501Z] ShutdownReqHand - _handle - About to shutdown
[INFO  - 2017-06-15T15:45:44.584Z] GhostDriver - Main - running on port 24399
[INFO  - 2017-06-15T15:45:45.102Z] Session [b1d2c080-51e1-11e7-963e-6371b93cba35] - page.settings - {"XSSAuditingEnabled":false,"javascriptCanCloseWindows":true,"javascriptCanOpenWindows":true,"javascriptEnabled":true,"loadImages":true,"localToRemoteUrlAccessEnabled":false,"userAgent":"Mozilla/5.0 (Windows NT 6.2; WOW64) AppleWebKit/538.1 (KHTML, like Gecko) PhantomJS/2.0.0 Safari/538.1","webSecurityEnabled":true}
[INFO  - 2017-06-15T15:45:45.102Z] Session [b1d2c080-51e1-11e7-963e-6371b93cba35] - page.customHeaders:  - {}
[INFO  - 2017-06-15T15:45:45.102Z] Session [b1d2c080-51e1-11e7-963e-6371b93cba35] - Session.negotiatedCapabilities - {"browserName":"phantomjs","version":"2.0.0","driverName":"ghostdriver","driverVersion":"1.2.0","platform":"windows-8-32bit","javascriptEnabled":true,"takesScreenshot":true,"handlesAlerts":false,"databaseEnabled":false,"locationContextEnabled":false,"applicationCacheEnabled":false,"browserConnectionEnabled":false,"cssSelectorsEnabled":true,"webStorageEnabled":false,"rotatable":false,"acceptSslCerts":false,"nativeEvents":true,"proxy":{"proxyType":"direct"}}
[INFO  - 2017-06-15T15:45:45.103Z] SessionManagerReqHand - _postNewSessionCommand - New Session Created: b1d2c080-51e1-11e7-963e-6371b93cba35
[INFO  - 2017-06-15T15:45:45.635Z] ShutdownReqHand - _handle - About to shutdown
[INFO  - 2017-06-15T16:09:31.219Z] GhostDriver - Main - running on port 16172
[INFO  - 2017-06-15T16:09:31.579Z] Session [0411de50-51e5-11e7-9c38-3f5108024aa3] - page.settings - {"XSSAuditingEnabled":false,"javascriptCanCloseWindows":true,"javascriptCanOpenWindows":true,"javascriptEnabled":true,"loadImages":true,"localToRemoteUrlAccessEnabled":false,"userAgent":"Mozilla/5.0 (Windows NT 6.2; WOW64) AppleWebKit/538.1 (KHTML, like Gecko) PhantomJS/2.0.0 Safari/538.1","webSecurityEnabled":true}
[INFO  - 2017-06-15T16:09:31.579Z] Session [0411de50-51e5-11e7-9c38-3f5108024aa3] - page.customHeaders:  - {}
[INFO  - 2017-06-15T16:09:31.579Z] Session [0411de50-51e5-11e7-9c38-3f5108024aa3] - Session.negotiatedCapabilities - {"browserName":"phantomjs","version":"2.0.0","driverName":"ghostdriver","driverVersion":"1.2.0","platform":"windows-8-32bit","javascriptEnabled":true,"takesScreenshot":true,"handlesAlerts":false,"databaseEnabled":false,"locationContextEnabled":false,"applicationCacheEnabled":false,"browserConnectionEnabled":false,"cssSelectorsEnabled":true,"webStorageEnabled":false,"rotatable":false,"acceptSslCerts":false,"nativeEvents":true,"proxy":{"proxyType":"direct"}}
[INFO  - 2017-06-15T16:09:31.579Z] SessionManagerReqHand - _postNewSessionCommand - New Session Created: 0411de50-51e5-11e7-9c38-3f5108024aa3
[INFO  - 2017-06-15T16:09:31.926Z] ShutdownReqHand - _handle - About to shutdown
[INFO  - 2017-06-15T17:11:32.702Z] GhostDriver - Main - running on port 48949
[INFO  - 2017-06-15T17:11:33.020Z] Session [ae38b360-51ed-11e7-b88e-f109d409fa8f] - page.settings - {"XSSAuditingEnabled":false,"javascriptCanCloseWindows":true,"javascriptCanOpenWindows":true,"javascriptEnabled":true,"loadImages":true,"localToRemoteUrlAccessEnabled":false,"userAgent":"Mozilla/5.0 (Windows NT 6.2; WOW64) AppleWebKit/538.1 (KHTML, like Gecko) PhantomJS/2.0.0 Safari/538.1","webSecurityEnabled":true}
[INFO  - 2017-06-15T17:11:33.020Z] Session [ae38b360-51ed-11e7-b88e-f109d409fa8f] - page.customHeaders:  - {}
[INFO  - 2017-06-15T17:11:33.020Z] Session [ae38b360-51ed-11e7-b88e-f109d409fa8f] - Session.negotiatedCapabilities - {"browserName":"phantomjs","version":"2.0.0","driverName":"ghostdriver","driverVersion":"1.2.0","platform":"windows-8-32bit","javascriptEnabled":true,"takesScreenshot":true,"handlesAlerts":false,"databaseEnabled":false,"locationContextEnabled":false,"applicationCacheEnabled":false,"browserConnectionEnabled":false,"cssSelectorsEnabled":true,"webStorageEnabled":false,"rotatable":false,"acceptSslCerts":false,"nativeEvents":true,"proxy":{"proxyType":"direct"}}
[INFO  - 2017-06-15T17:11:33.020Z] SessionManagerReqHand - _postNewSessionCommand - New Session Created: ae38b360-51ed-11e7-b88e-f109d409fa8f
[INFO  - 2017-06-15T17:11:33.319Z] ShutdownReqHand - _handle - About to shutdown
[INFO  - 2017-06-15T17:14:41.706Z] GhostDriver - Main - running on port 35522
[INFO  - 2017-06-15T17:14:42.034Z] Session [1ee219d0-51ee-11e7-a2d8-03cbdbc4b03c] - page.settings - {"XSSAuditingEnabled":false,"javascriptCanCloseWindows":true,"javascriptCanOpenWindows":true,"javascriptEnabled":true,"loadImages":true,"localToRemoteUrlAccessEnabled":false,"userAgent":"Mozilla/5.0 (Windows NT 6.2; WOW64) AppleWebKit/538.1 (KHTML, like Gecko) PhantomJS/2.0.0 Safari/538.1","webSecurityEnabled":true}
[INFO  - 2017-06-15T17:14:42.034Z] Session [1ee219d0-51ee-11e7-a2d8-03cbdbc4b03c] - page.customHeaders:  - {}
[INFO  - 2017-06-15T17:14:42.034Z] Session [1ee219d0-51ee-11e7-a2d8-03cbdbc4b03c] - Session.negotiatedCapabilities - {"browserName":"phantomjs","version":"2.0.0","driverName":"ghostdriver","driverVersion":"1.2.0","platform":"windows-8-32bit","javascriptEnabled":true,"takesScreenshot":true,"handlesAlerts":false,"databaseEnabled":false,"locationContextEnabled":false,"applicationCacheEnabled":false,"browserConnectionEnabled":false,"cssSelectorsEnabled":true,"webStorageEnabled":false,"rotatable":false,"acceptSslCerts":false,"nativeEvents":true,"proxy":{"proxyType":"direct"}}
[INFO  - 2017-06-15T17:14:42.034Z] SessionManagerReqHand - _postNewSessionCommand - New Session Created: 1ee219d0-51ee-11e7-a2d8-03cbdbc4b03c
[INFO  - 2017-06-15T17:14:42.333Z] ShutdownReqHand - _handle - About to shutdown
[INFO  - 2017-06-15T17:16:36.661Z] GhostDriver - Main - running on port 30442
[INFO  - 2017-06-15T17:16:36.920Z] Session [635c2920-51ee-11e7-a0de-178c17936684] - page.settings - {"XSSAuditingEnabled":false,"javascriptCanCloseWindows":true,"javascriptCanOpenWindows":true,"javascriptEnabled":true,"loadImages":true,"localToRemoteUrlAccessEnabled":false,"userAgent":"Mozilla/5.0 (Windows NT 6.2; WOW64) AppleWebKit/538.1 (KHTML, like Gecko) PhantomJS/2.0.0 Safari/538.1","webSecurityEnabled":true}
[INFO  - 2017-06-15T17:16:36.920Z] Session [635c2920-51ee-11e7-a0de-178c17936684] - page.customHeaders:  - {}
[INFO  - 2017-06-15T17:16:36.920Z] Session [635c2920-51ee-11e7-a0de-178c17936684] - Session.negotiatedCapabilities - {"browserName":"phantomjs","version":"2.0.0","driverName":"ghostdriver","driverVersion":"1.2.0","platform":"windows-8-32bit","javascriptEnabled":true,"takesScreenshot":true,"handlesAlerts":false,"databaseEnabled":false,"locationContextEnabled":false,"applicationCacheEnabled":false,"browserConnectionEnabled":false,"cssSelectorsEnabled":true,"webStorageEnabled":false,"rotatable":false,"acceptSslCerts":false,"nativeEvents":true,"proxy":{"proxyType":"direct"}}
[INFO  - 2017-06-15T17:16:36.921Z] SessionManagerReqHand - _postNewSessionCommand - New Session Created: 635c2920-51ee-11e7-a0de-178c17936684
[INFO  - 2017-06-15T17:16:37.215Z] ShutdownReqHand - _handle - About to shutdown
[INFO  - 2017-06-15T17:19:40.398Z] GhostDriver - Main - running on port 12419
[INFO  - 2017-06-15T17:19:40.707Z] Session [d0e7d4d0-51ee-11e7-bb58-9bdeea82d76b] - page.settings - {"XSSAuditingEnabled":false,"javascriptCanCloseWindows":true,"javascriptCanOpenWindows":true,"javascriptEnabled":true,"loadImages":true,"localToRemoteUrlAccessEnabled":false,"userAgent":"Mozilla/5.0 (Windows NT 6.2; WOW64) AppleWebKit/538.1 (KHTML, like Gecko) PhantomJS/2.0.0 Safari/538.1","webSecurityEnabled":true}
[INFO  - 2017-06-15T17:19:40.707Z] Session [d0e7d4d0-51ee-11e7-bb58-9bdeea82d76b] - page.customHeaders:  - {}
[INFO  - 2017-06-15T17:19:40.707Z] Session [d0e7d4d0-51ee-11e7-bb58-9bdeea82d76b] - Session.negotiatedCapabilities - {"browserName":"phantomjs","version":"2.0.0","driverName":"ghostdriver","driverVersion":"1.2.0","platform":"windows-8-32bit","javascriptEnabled":true,"takesScreenshot":true,"handlesAlerts":false,"databaseEnabled":false,"locationContextEnabled":false,"applicationCacheEnabled":false,"browserConnectionEnabled":false,"cssSelectorsEnabled":true,"webStorageEnabled":false,"rotatable":false,"acceptSslCerts":false,"nativeEvents":true,"proxy":{"proxyType":"direct"}}
[INFO  - 2017-06-15T17:19:40.707Z] SessionManagerReqHand - _postNewSessionCommand - New Session Created: d0e7d4d0-51ee-11e7-bb58-9bdeea82d76b
[INFO  - 2017-06-15T17:19:41.004Z] ShutdownReqHand - _handle - About to shutdown
[INFO  - 2017-06-15T17:24:07.013Z] GhostDriver - Main - running on port 43387
[INFO  - 2017-06-15T17:24:07.283Z] Session [6fcc40e0-51ef-11e7-a210-3d8d5679cb33] - page.settings - {"XSSAuditingEnabled":false,"javascriptCanCloseWindows":true,"javascriptCanOpenWindows":true,"javascriptEnabled":true,"loadImages":true,"localToRemoteUrlAccessEnabled":false,"userAgent":"Mozilla/5.0 (Windows NT 6.2; WOW64) AppleWebKit/538.1 (KHTML, like Gecko) PhantomJS/2.0.0 Safari/538.1","webSecurityEnabled":true}
[INFO  - 2017-06-15T17:24:07.284Z] Session [6fcc40e0-51ef-11e7-a210-3d8d5679cb33] - page.customHeaders:  - {}
[INFO  - 2017-06-15T17:24:07.284Z] Session [6fcc40e0-51ef-11e7-a210-3d8d5679cb33] - Session.negotiatedCapabilities - {"browserName":"phantomjs","version":"2.0.0","driverName":"ghostdriver","driverVersion":"1.2.0","platform":"windows-8-32bit","javascriptEnabled":true,"takesScreenshot":true,"handlesAlerts":false,"databaseEnabled":false,"locationContextEnabled":false,"applicationCacheEnabled":false,"browserConnectionEnabled":false,"cssSelectorsEnabled":true,"webStorageEnabled":false,"rotatable":false,"acceptSslCerts":false,"nativeEvents":true,"proxy":{"proxyType":"direct"}}
[INFO  - 2017-06-15T17:24:07.284Z] SessionManagerReqHand - _postNewSessionCommand - New Session Created: 6fcc40e0-51ef-11e7-a210-3d8d5679cb33
[INFO  - 2017-06-15T17:24:07.585Z] ShutdownReqHand - _handle - About to shutdown
[INFO  - 2017-06-15T17:26:54.555Z] GhostDriver - Main - running on port 30594
[INFO  - 2017-06-15T17:26:54.841Z] Session [d3ab6c30-51ef-11e7-a69c-ddbdab0a9dea] - page.settings - {"XSSAuditingEnabled":false,"javascriptCanCloseWindows":true,"javascriptCanOpenWindows":true,"javascriptEnabled":true,"loadImages":true,"localToRemoteUrlAccessEnabled":false,"userAgent":"Mozilla/5.0 (Windows NT 6.2; WOW64) AppleWebKit/538.1 (KHTML, like Gecko) PhantomJS/2.0.0 Safari/538.1","webSecurityEnabled":true}
[INFO  - 2017-06-15T17:26:54.841Z] Session [d3ab6c30-51ef-11e7-a69c-ddbdab0a9dea] - page.customHeaders:  - {}
[INFO  - 2017-06-15T17:26:54.841Z] Session [d3ab6c30-51ef-11e7-a69c-ddbdab0a9dea] - Session.negotiatedCapabilities - {"browserName":"phantomjs","version":"2.0.0","driverName":"ghostdriver","driverVersion":"1.2.0","platform":"windows-8-32bit","javascriptEnabled":true,"takesScreenshot":true,"handlesAlerts":false,"databaseEnabled":false,"locationContextEnabled":false,"applicationCacheEnabled":false,"browserConnectionEnabled":false,"cssSelectorsEnabled":true,"webStorageEnabled":false,"rotatable":false,"acceptSslCerts":false,"nativeEvents":true,"proxy":{"proxyType":"direct"}}
[INFO  - 2017-06-15T17:26:54.841Z] SessionManagerReqHand - _postNewSessionCommand - New Session Created: d3ab6c30-51ef-11e7-a69c-ddbdab0a9dea
[INFO  - 2017-06-15T17:26:55.142Z] ShutdownReqHand - _handle - About to shutdown
[INFO  - 2017-06-15T17:32:51.166Z] GhostDriver - Main - running on port 7913
[INFO  - 2017-06-15T17:32:51.467Z] Session [a83c3b50-51f0-11e7-a896-b9a6c8fdabf1] - page.settings - {"XSSAuditingEnabled":false,"javascriptCanCloseWindows":true,"javascriptCanOpenWindows":true,"javascriptEnabled":true,"loadImages":true,"localToRemoteUrlAccessEnabled":false,"userAgent":"Mozilla/5.0 (Windows NT 6.2; WOW64) AppleWebKit/538.1 (KHTML, like Gecko) PhantomJS/2.0.0 Safari/538.1","webSecurityEnabled":true}
[INFO  - 2017-06-15T17:32:51.467Z] Session [a83c3b50-51f0-11e7-a896-b9a6c8fdabf1] - page.customHeaders:  - {}
[INFO  - 2017-06-15T17:32:51.467Z] Session [a83c3b50-51f0-11e7-a896-b9a6c8fdabf1] - Session.negotiatedCapabilities - {"browserName":"phantomjs","version":"2.0.0","driverName":"ghostdriver","driverVersion":"1.2.0","platform":"windows-8-32bit","javascriptEnabled":true,"takesScreenshot":true,"handlesAlerts":false,"databaseEnabled":false,"locationContextEnabled":false,"applicationCacheEnabled":false,"browserConnectionEnabled":false,"cssSelectorsEnabled":true,"webStorageEnabled":false,"rotatable":false,"acceptSslCerts":false,"nativeEvents":true,"proxy":{"proxyType":"direct"}}
[INFO  - 2017-06-15T17:32:51.467Z] SessionManagerReqHand - _postNewSessionCommand - New Session Created: a83c3b50-51f0-11e7-a896-b9a6c8fdabf1
[INFO  - 2017-06-15T17:32:51.765Z] ShutdownReqHand - _handle - About to shutdown
[INFO  - 2017-06-15T17:34:33.697Z] GhostDriver - Main - running on port 46643
[INFO  - 2017-06-15T17:34:34.030Z] Session [e55e4190-51f0-11e7-aecb-35ac95fda339] - page.settings - {"XSSAuditingEnabled":false,"javascriptCanCloseWindows":true,"javascriptCanOpenWindows":true,"javascriptEnabled":true,"loadImages":true,"localToRemoteUrlAccessEnabled":false,"userAgent":"Mozilla/5.0 (Windows NT 6.2; WOW64) AppleWebKit/538.1 (KHTML, like Gecko) PhantomJS/2.0.0 Safari/538.1","webSecurityEnabled":true}
[INFO  - 2017-06-15T17:34:34.030Z] Session [e55e4190-51f0-11e7-aecb-35ac95fda339] - page.customHeaders:  - {}
[INFO  - 2017-06-15T17:34:34.031Z] Session [e55e4190-51f0-11e7-aecb-35ac95fda339] - Session.negotiatedCapabilities - {"browserName":"phantomjs","version":"2.0.0","driverName":"ghostdriver","driverVersion":"1.2.0","platform":"windows-8-32bit","javascriptEnabled":true,"takesScreenshot":true,"handlesAlerts":false,"databaseEnabled":false,"locationContextEnabled":false,"applicationCacheEnabled":false,"browserConnectionEnabled":false,"cssSelectorsEnabled":true,"webStorageEnabled":false,"rotatable":false,"acceptSslCerts":false,"nativeEvents":true,"proxy":{"proxyType":"direct"}}
[INFO  - 2017-06-15T17:34:34.031Z] SessionManagerReqHand - _postNewSessionCommand - New Session Created: e55e4190-51f0-11e7-aecb-35ac95fda339
[INFO  - 2017-06-15T17:34:34.352Z] ShutdownReqHand - _handle - About to shutdown
[INFO  - 2017-06-15T17:37:24.153Z] GhostDriver - Main - running on port 38069
[INFO  - 2017-06-15T17:37:24.440Z] Session [4af09b20-51f1-11e7-8d5a-97e9348eac8a] - page.settings - {"XSSAuditingEnabled":false,"javascriptCanCloseWindows":true,"javascriptCanOpenWindows":true,"javascriptEnabled":true,"loadImages":true,"localToRemoteUrlAccessEnabled":false,"userAgent":"Mozilla/5.0 (Windows NT 6.2; WOW64) AppleWebKit/538.1 (KHTML, like Gecko) PhantomJS/2.0.0 Safari/538.1","webSecurityEnabled":true}
[INFO  - 2017-06-15T17:37:24.440Z] Session [4af09b20-51f1-11e7-8d5a-97e9348eac8a] - page.customHeaders:  - {}
[INFO  - 2017-06-15T17:37:24.440Z] Session [4af09b20-51f1-11e7-8d5a-97e9348eac8a] - Session.negotiatedCapabilities - {"browserName":"phantomjs","version":"2.0.0","driverName":"ghostdriver","driverVersion":"1.2.0","platform":"windows-8-32bit","javascriptEnabled":true,"takesScreenshot":true,"handlesAlerts":false,"databaseEnabled":false,"locationContextEnabled":false,"applicationCacheEnabled":false,"browserConnectionEnabled":false,"cssSelectorsEnabled":true,"webStorageEnabled":false,"rotatable":false,"acceptSslCerts":false,"nativeEvents":true,"proxy":{"proxyType":"direct"}}
[INFO  - 2017-06-15T17:37:24.440Z] SessionManagerReqHand - _postNewSessionCommand - New Session Created: 4af09b20-51f1-11e7-8d5a-97e9348eac8a
[INFO  - 2017-06-15T17:37:24.745Z] ShutdownReqHand - _handle - About to shutdown
[INFO  - 2017-06-15T17:39:38.294Z] GhostDriver - Main - running on port 8571
[INFO  - 2017-06-15T17:39:38.593Z] Session [9ae6e1c0-51f1-11e7-8f98-09240393541d] - page.settings - {"XSSAuditingEnabled":false,"javascriptCanCloseWindows":true,"javascriptCanOpenWindows":true,"javascriptEnabled":true,"loadImages":true,"localToRemoteUrlAccessEnabled":false,"userAgent":"Mozilla/5.0 (Windows NT 6.2; WOW64) AppleWebKit/538.1 (KHTML, like Gecko) PhantomJS/2.0.0 Safari/538.1","webSecurityEnabled":true}
[INFO  - 2017-06-15T17:39:38.593Z] Session [9ae6e1c0-51f1-11e7-8f98-09240393541d] - page.customHeaders:  - {}
[INFO  - 2017-06-15T17:39:38.594Z] Session [9ae6e1c0-51f1-11e7-8f98-09240393541d] - Session.negotiatedCapabilities - {"browserName":"phantomjs","version":"2.0.0","driverName":"ghostdriver","driverVersion":"1.2.0","platform":"windows-8-32bit","javascriptEnabled":true,"takesScreenshot":true,"handlesAlerts":false,"databaseEnabled":false,"locationContextEnabled":false,"applicationCacheEnabled":false,"browserConnectionEnabled":false,"cssSelectorsEnabled":true,"webStorageEnabled":false,"rotatable":false,"acceptSslCerts":false,"nativeEvents":true,"proxy":{"proxyType":"direct"}}
[INFO  - 2017-06-15T17:39:38.594Z] SessionManagerReqHand - _postNewSessionCommand - New Session Created: 9ae6e1c0-51f1-11e7-8f98-09240393541d
[INFO  - 2017-06-15T17:39:38.900Z] ShutdownReqHand - _handle - About to shutdown
[INFO  - 2017-06-15T17:42:58.173Z] GhostDriver - Main - running on port 48737
[INFO  - 2017-06-15T17:42:58.491Z] Session [120ce560-51f2-11e7-900a-29dafd550ef5] - page.settings - {"XSSAuditingEnabled":false,"javascriptCanCloseWindows":true,"javascriptCanOpenWindows":true,"javascriptEnabled":true,"loadImages":true,"localToRemoteUrlAccessEnabled":false,"userAgent":"Mozilla/5.0 (Windows NT 6.2; WOW64) AppleWebKit/538.1 (KHTML, like Gecko) PhantomJS/2.0.0 Safari/538.1","webSecurityEnabled":true}
[INFO  - 2017-06-15T17:42:58.491Z] Session [120ce560-51f2-11e7-900a-29dafd550ef5] - page.customHeaders:  - {}
[INFO  - 2017-06-15T17:42:58.491Z] Session [120ce560-51f2-11e7-900a-29dafd550ef5] - Session.negotiatedCapabilities - {"browserName":"phantomjs","version":"2.0.0","driverName":"ghostdriver","driverVersion":"1.2.0","platform":"windows-8-32bit","javascriptEnabled":true,"takesScreenshot":true,"handlesAlerts":false,"databaseEnabled":false,"locationContextEnabled":false,"applicationCacheEnabled":false,"browserConnectionEnabled":false,"cssSelectorsEnabled":true,"webStorageEnabled":false,"rotatable":false,"acceptSslCerts":false,"nativeEvents":true,"proxy":{"proxyType":"direct"}}
[INFO  - 2017-06-15T17:42:58.492Z] SessionManagerReqHand - _postNewSessionCommand - New Session Created: 120ce560-51f2-11e7-900a-29dafd550ef5
[INFO  - 2017-06-15T17:42:58.787Z] ShutdownReqHand - _handle - About to shutdown
[INFO  - 2017-06-15T17:45:06.363Z] GhostDriver - Main - running on port 15862
[INFO  - 2017-06-15T17:45:06.679Z] Session [5e74d520-51f2-11e7-b62e-7d527648847a] - page.settings - {"XSSAuditingEnabled":false,"javascriptCanCloseWindows":true,"javascriptCanOpenWindows":true,"javascriptEnabled":true,"loadImages":true,"localToRemoteUrlAccessEnabled":false,"userAgent":"Mozilla/5.0 (Windows NT 6.2; WOW64) AppleWebKit/538.1 (KHTML, like Gecko) PhantomJS/2.0.0 Safari/538.1","webSecurityEnabled":true}
[INFO  - 2017-06-15T17:45:06.679Z] Session [5e74d520-51f2-11e7-b62e-7d527648847a] - page.customHeaders:  - {}
[INFO  - 2017-06-15T17:45:06.680Z] Session [5e74d520-51f2-11e7-b62e-7d527648847a] - Session.negotiatedCapabilities - {"browserName":"phantomjs","version":"2.0.0","driverName":"ghostdriver","driverVersion":"1.2.0","platform":"windows-8-32bit","javascriptEnabled":true,"takesScreenshot":true,"handlesAlerts":false,"databaseEnabled":false,"locationContextEnabled":false,"applicationCacheEnabled":false,"browserConnectionEnabled":false,"cssSelectorsEnabled":true,"webStorageEnabled":false,"rotatable":false,"acceptSslCerts":false,"nativeEvents":true,"proxy":{"proxyType":"direct"}}
[INFO  - 2017-06-15T17:45:06.680Z] SessionManagerReqHand - _postNewSessionCommand - New Session Created: 5e74d520-51f2-11e7-b62e-7d527648847a
[INFO  - 2017-06-15T17:45:06.979Z] ShutdownReqHand - _handle - About to shutdown
[INFO  - 2017-06-15T17:47:31.743Z] GhostDriver - Main - running on port 16650
[INFO  - 2017-06-15T17:47:31.947Z] Session [b50ad150-51f2-11e7-9c50-df27528b7d46] - page.settings - {"XSSAuditingEnabled":false,"javascriptCanCloseWindows":true,"javascriptCanOpenWindows":true,"javascriptEnabled":true,"loadImages":true,"localToRemoteUrlAccessEnabled":false,"userAgent":"Mozilla/5.0 (Windows NT 6.2; WOW64) AppleWebKit/538.1 (KHTML, like Gecko) PhantomJS/2.0.0 Safari/538.1","webSecurityEnabled":true}
[INFO  - 2017-06-15T17:47:31.947Z] Session [b50ad150-51f2-11e7-9c50-df27528b7d46] - page.customHeaders:  - {}
[INFO  - 2017-06-15T17:47:31.947Z] Session [b50ad150-51f2-11e7-9c50-df27528b7d46] - Session.negotiatedCapabilities - {"browserName":"phantomjs","version":"2.0.0","driverName":"ghostdriver","driverVersion":"1.2.0","platform":"windows-8-32bit","javascriptEnabled":true,"takesScreenshot":true,"handlesAlerts":false,"databaseEnabled":false,"locationContextEnabled":false,"applicationCacheEnabled":false,"browserConnectionEnabled":false,"cssSelectorsEnabled":true,"webStorageEnabled":false,"rotatable":false,"acceptSslCerts":false,"nativeEvents":true,"proxy":{"proxyType":"direct"}}
[INFO  - 2017-06-15T17:47:31.947Z] SessionManagerReqHand - _postNewSessionCommand - New Session Created: b50ad150-51f2-11e7-9c50-df27528b7d46
[INFO  - 2017-06-15T17:47:32.360Z] ShutdownReqHand - _handle - About to shutdown
[INFO  - 2017-06-15T17:54:44.233Z] GhostDriver - Main - running on port 34866
[INFO  - 2017-06-15T17:54:44.453Z] Session [b6d5fef0-51f3-11e7-bba6-d7cf8f261e2f] - page.settings - {"XSSAuditingEnabled":false,"javascriptCanCloseWindows":true,"javascriptCanOpenWindows":true,"javascriptEnabled":true,"loadImages":true,"localToRemoteUrlAccessEnabled":false,"userAgent":"Mozilla/5.0 (Windows NT 6.2; WOW64) AppleWebKit/538.1 (KHTML, like Gecko) PhantomJS/2.0.0 Safari/538.1","webSecurityEnabled":true}
[INFO  - 2017-06-15T17:54:44.453Z] Session [b6d5fef0-51f3-11e7-bba6-d7cf8f261e2f] - page.customHeaders:  - {}
[INFO  - 2017-06-15T17:54:44.453Z] Session [b6d5fef0-51f3-11e7-bba6-d7cf8f261e2f] - Session.negotiatedCapabilities - {"browserName":"phantomjs","version":"2.0.0","driverName":"ghostdriver","driverVersion":"1.2.0","platform":"windows-8-32bit","javascriptEnabled":true,"takesScreenshot":true,"handlesAlerts":false,"databaseEnabled":false,"locationContextEnabled":false,"applicationCacheEnabled":false,"browserConnectionEnabled":false,"cssSelectorsEnabled":true,"webStorageEnabled":false,"rotatable":false,"acceptSslCerts":false,"nativeEvents":true,"proxy":{"proxyType":"direct"}}
[INFO  - 2017-06-15T17:54:44.453Z] SessionManagerReqHand - _postNewSessionCommand - New Session Created: b6d5fef0-51f3-11e7-bba6-d7cf8f261e2f
[INFO  - 2017-06-15T17:54:44.753Z] ShutdownReqHand - _handle - About to shutdown
[INFO  - 2017-06-15T18:03:00.157Z] GhostDriver - Main - running on port 1062
[INFO  - 2017-06-15T18:03:00.464Z] Session [de7b44a0-51f4-11e7-a6a5-677274fc5a74] - page.settings - {"XSSAuditingEnabled":false,"javascriptCanCloseWindows":true,"javascriptCanOpenWindows":true,"javascriptEnabled":true,"loadImages":true,"localToRemoteUrlAccessEnabled":false,"userAgent":"Mozilla/5.0 (Windows NT 6.2; WOW64) AppleWebKit/538.1 (KHTML, like Gecko) PhantomJS/2.0.0 Safari/538.1","webSecurityEnabled":true}
[INFO  - 2017-06-15T18:03:00.464Z] Session [de7b44a0-51f4-11e7-a6a5-677274fc5a74] - page.customHeaders:  - {}
[INFO  - 2017-06-15T18:03:00.464Z] Session [de7b44a0-51f4-11e7-a6a5-677274fc5a74] - Session.negotiatedCapabilities - {"browserName":"phantomjs","version":"2.0.0","driverName":"ghostdriver","driverVersion":"1.2.0","platform":"windows-8-32bit","javascriptEnabled":true,"takesScreenshot":true,"handlesAlerts":false,"databaseEnabled":false,"locationContextEnabled":false,"applicationCacheEnabled":false,"browserConnectionEnabled":false,"cssSelectorsEnabled":true,"webStorageEnabled":false,"rotatable":false,"acceptSslCerts":false,"nativeEvents":true,"proxy":{"proxyType":"direct"}}
[INFO  - 2017-06-15T18:03:00.464Z] SessionManagerReqHand - _postNewSessionCommand - New Session Created: de7b44a0-51f4-11e7-a6a5-677274fc5a74
[INFO  - 2017-06-15T18:03:00.920Z] ShutdownReqHand - _handle - About to shutdown
[INFO  - 2017-06-15T18:05:30.886Z] GhostDriver - Main - running on port 18319
[INFO  - 2017-06-15T18:05:31.243Z] Session [385a7860-51f5-11e7-8ea5-8b6000b6344a] - page.settings - {"XSSAuditingEnabled":false,"javascriptCanCloseWindows":true,"javascriptCanOpenWindows":true,"javascriptEnabled":true,"loadImages":true,"localToRemoteUrlAccessEnabled":false,"userAgent":"Mozilla/5.0 (Windows NT 6.2; WOW64) AppleWebKit/538.1 (KHTML, like Gecko) PhantomJS/2.0.0 Safari/538.1","webSecurityEnabled":true}
[INFO  - 2017-06-15T18:05:31.243Z] Session [385a7860-51f5-11e7-8ea5-8b6000b6344a] - page.customHeaders:  - {}
[INFO  - 2017-06-15T18:05:31.243Z] Session [385a7860-51f5-11e7-8ea5-8b6000b6344a] - Session.negotiatedCapabilities - {"browserName":"phantomjs","version":"2.0.0","driverName":"ghostdriver","driverVersion":"1.2.0","platform":"windows-8-32bit","javascriptEnabled":true,"takesScreenshot":true,"handlesAlerts":false,"databaseEnabled":false,"locationContextEnabled":false,"applicationCacheEnabled":false,"browserConnectionEnabled":false,"cssSelectorsEnabled":true,"webStorageEnabled":false,"rotatable":false,"acceptSslCerts":false,"nativeEvents":true,"proxy":{"proxyType":"direct"}}
[INFO  - 2017-06-15T18:05:31.243Z] SessionManagerReqHand - _postNewSessionCommand - New Session Created: 385a7860-51f5-11e7-8ea5-8b6000b6344a
[INFO  - 2017-06-15T18:05:31.539Z] ShutdownReqHand - _handle - About to shutdown
[INFO  - 2017-06-15T18:08:20.198Z] GhostDriver - Main - running on port 28552
[INFO  - 2017-06-15T18:08:20.326Z] Session [9d225600-51f5-11e7-99ed-951f9d348465] - page.settings - {"XSSAuditingEnabled":false,"javascriptCanCloseWindows":true,"javascriptCanOpenWindows":true,"javascriptEnabled":true,"loadImages":true,"localToRemoteUrlAccessEnabled":false,"userAgent":"Mozilla/5.0 (Windows NT 6.2; WOW64) AppleWebKit/538.1 (KHTML, like Gecko) PhantomJS/2.0.0 Safari/538.1","webSecurityEnabled":true}
[INFO  - 2017-06-15T18:08:20.326Z] Session [9d225600-51f5-11e7-99ed-951f9d348465] - page.customHeaders:  - {}
[INFO  - 2017-06-15T18:08:20.326Z] Session [9d225600-51f5-11e7-99ed-951f9d348465] - Session.negotiatedCapabilities - {"browserName":"phantomjs","version":"2.0.0","driverName":"ghostdriver","driverVersion":"1.2.0","platform":"windows-8-32bit","javascriptEnabled":true,"takesScreenshot":true,"handlesAlerts":false,"databaseEnabled":false,"locationContextEnabled":false,"applicationCacheEnabled":false,"browserConnectionEnabled":false,"cssSelectorsEnabled":true,"webStorageEnabled":false,"rotatable":false,"acceptSslCerts":false,"nativeEvents":true,"proxy":{"proxyType":"direct"}}
[INFO  - 2017-06-15T18:08:20.326Z] SessionManagerReqHand - _postNewSessionCommand - New Session Created: 9d225600-51f5-11e7-99ed-951f9d348465
[INFO  - 2017-06-15T18:08:20.634Z] ShutdownReqHand - _handle - About to shutdown
[INFO  - 2017-06-15T18:48:08.740Z] GhostDriver - Main - running on port 44912
[INFO  - 2017-06-15T18:48:09.007Z] Session [2ce62190-51fb-11e7-a142-b17410d48f7f] - page.settings - {"XSSAuditingEnabled":false,"javascriptCanCloseWindows":true,"javascriptCanOpenWindows":true,"javascriptEnabled":true,"loadImages":true,"localToRemoteUrlAccessEnabled":false,"userAgent":"Mozilla/5.0 (Windows NT 6.2; WOW64) AppleWebKit/538.1 (KHTML, like Gecko) PhantomJS/2.0.0 Safari/538.1","webSecurityEnabled":true}
[INFO  - 2017-06-15T18:48:09.007Z] Session [2ce62190-51fb-11e7-a142-b17410d48f7f] - page.customHeaders:  - {}
[INFO  - 2017-06-15T18:48:09.007Z] Session [2ce62190-51fb-11e7-a142-b17410d48f7f] - Session.negotiatedCapabilities - {"browserName":"phantomjs","version":"2.0.0","driverName":"ghostdriver","driverVersion":"1.2.0","platform":"windows-8-32bit","javascriptEnabled":true,"takesScreenshot":true,"handlesAlerts":false,"databaseEnabled":false,"locationContextEnabled":false,"applicationCacheEnabled":false,"browserConnectionEnabled":false,"cssSelectorsEnabled":true,"webStorageEnabled":false,"rotatable":false,"acceptSslCerts":false,"nativeEvents":true,"proxy":{"proxyType":"direct"}}
[INFO  - 2017-06-15T18:48:09.007Z] SessionManagerReqHand - _postNewSessionCommand - New Session Created: 2ce62190-51fb-11e7-a142-b17410d48f7f
[INFO  - 2017-06-15T18:48:09.308Z] ShutdownReqHand - _handle - About to shutdown
[INFO  - 2017-06-15T18:54:43.754Z] GhostDriver - Main - running on port 42668
[INFO  - 2017-06-15T18:54:43.997Z] Session [1854d270-51fc-11e7-98f4-c92b5f4a8190] - page.settings - {"XSSAuditingEnabled":false,"javascriptCanCloseWindows":true,"javascriptCanOpenWindows":true,"javascriptEnabled":true,"loadImages":true,"localToRemoteUrlAccessEnabled":false,"userAgent":"Mozilla/5.0 (Windows NT 6.2; WOW64) AppleWebKit/538.1 (KHTML, like Gecko) PhantomJS/2.0.0 Safari/538.1","webSecurityEnabled":true}
[INFO  - 2017-06-15T18:54:43.997Z] Session [1854d270-51fc-11e7-98f4-c92b5f4a8190] - page.customHeaders:  - {}
[INFO  - 2017-06-15T18:54:43.997Z] Session [1854d270-51fc-11e7-98f4-c92b5f4a8190] - Session.negotiatedCapabilities - {"browserName":"phantomjs","version":"2.0.0","driverName":"ghostdriver","driverVersion":"1.2.0","platform":"windows-8-32bit","javascriptEnabled":true,"takesScreenshot":true,"handlesAlerts":false,"databaseEnabled":false,"locationContextEnabled":false,"applicationCacheEnabled":false,"browserConnectionEnabled":false,"cssSelectorsEnabled":true,"webStorageEnabled":false,"rotatable":false,"acceptSslCerts":false,"nativeEvents":true,"proxy":{"proxyType":"direct"}}
[INFO  - 2017-06-15T18:54:43.998Z] SessionManagerReqHand - _postNewSessionCommand - New Session Created: 1854d270-51fc-11e7-98f4-c92b5f4a8190
[INFO  - 2017-06-15T18:54:44.301Z] ShutdownReqHand - _handle - About to shutdown
[INFO  - 2017-06-15T19:11:22.013Z] GhostDriver - Main - running on port 24271
[INFO  - 2017-06-15T19:11:22.145Z] Session [6b461eb0-51fe-11e7-86d0-85c51bbd562d] - page.settings - {"XSSAuditingEnabled":false,"javascriptCanCloseWindows":true,"javascriptCanOpenWindows":true,"javascriptEnabled":true,"loadImages":true,"localToRemoteUrlAccessEnabled":false,"userAgent":"Mozilla/5.0 (Windows NT 6.2; WOW64) AppleWebKit/538.1 (KHTML, like Gecko) PhantomJS/2.0.0 Safari/538.1","webSecurityEnabled":true}
[INFO  - 2017-06-15T19:11:22.145Z] Session [6b461eb0-51fe-11e7-86d0-85c51bbd562d] - page.customHeaders:  - {}
[INFO  - 2017-06-15T19:11:22.145Z] Session [6b461eb0-51fe-11e7-86d0-85c51bbd562d] - Session.negotiatedCapabilities - {"browserName":"phantomjs","version":"2.0.0","driverName":"ghostdriver","driverVersion":"1.2.0","platform":"windows-8-32bit","javascriptEnabled":true,"takesScreenshot":true,"handlesAlerts":false,"databaseEnabled":false,"locationContextEnabled":false,"applicationCacheEnabled":false,"browserConnectionEnabled":false,"cssSelectorsEnabled":true,"webStorageEnabled":false,"rotatable":false,"acceptSslCerts":false,"nativeEvents":true,"proxy":{"proxyType":"direct"}}
[INFO  - 2017-06-15T19:11:22.145Z] SessionManagerReqHand - _postNewSessionCommand - New Session Created: 6b461eb0-51fe-11e7-86d0-85c51bbd562d
[INFO  - 2017-06-15T19:11:22.440Z] ShutdownReqHand - _handle - About to shutdown
[INFO  - 2017-06-21T19:05:34.600Z] GhostDriver - Main - running on port 3293
[INFO  - 2017-06-21T19:05:35.068Z] Session [9ae0df60-56b4-11e7-add5-c7587ff5d05f] - page.settings - {"XSSAuditingEnabled":false,"javascriptCanCloseWindows":true,"javascriptCanOpenWindows":true,"javascriptEnabled":true,"loadImages":true,"localToRemoteUrlAccessEnabled":false,"userAgent":"Mozilla/5.0 (Windows NT 6.2; WOW64) AppleWebKit/538.1 (KHTML, like Gecko) PhantomJS/2.0.0 Safari/538.1","webSecurityEnabled":true}
[INFO  - 2017-06-21T19:05:35.068Z] Session [9ae0df60-56b4-11e7-add5-c7587ff5d05f] - page.customHeaders:  - {}
[INFO  - 2017-06-21T19:05:35.068Z] Session [9ae0df60-56b4-11e7-add5-c7587ff5d05f] - Session.negotiatedCapabilities - {"browserName":"phantomjs","version":"2.0.0","driverName":"ghostdriver","driverVersion":"1.2.0","platform":"windows-8-32bit","javascriptEnabled":true,"takesScreenshot":true,"handlesAlerts":false,"databaseEnabled":false,"locationContextEnabled":false,"applicationCacheEnabled":false,"browserConnectionEnabled":false,"cssSelectorsEnabled":true,"webStorageEnabled":false,"rotatable":false,"acceptSslCerts":false,"nativeEvents":true,"proxy":{"proxyType":"direct"}}
[INFO  - 2017-06-21T19:05:35.068Z] SessionManagerReqHand - _postNewSessionCommand - New Session Created: 9ae0df60-56b4-11e7-add5-c7587ff5d05f
[INFO  - 2017-06-21T19:05:35.554Z] ShutdownReqHand - _handle - About to shutdown
[INFO  - 2017-06-21T19:08:46.900Z] GhostDriver - Main - running on port 31030
[INFO  - 2017-06-21T19:08:47.031Z] Session [0d4c1a10-56b5-11e7-a89e-99f14c06e650] - page.settings - {"XSSAuditingEnabled":false,"javascriptCanCloseWindows":true,"javascriptCanOpenWindows":true,"javascriptEnabled":true,"loadImages":true,"localToRemoteUrlAccessEnabled":false,"userAgent":"Mozilla/5.0 (Windows NT 6.2; WOW64) AppleWebKit/538.1 (KHTML, like Gecko) PhantomJS/2.0.0 Safari/538.1","webSecurityEnabled":true}
[INFO  - 2017-06-21T19:08:47.031Z] Session [0d4c1a10-56b5-11e7-a89e-99f14c06e650] - page.customHeaders:  - {}
[INFO  - 2017-06-21T19:08:47.031Z] Session [0d4c1a10-56b5-11e7-a89e-99f14c06e650] - Session.negotiatedCapabilities - {"browserName":"phantomjs","version":"2.0.0","driverName":"ghostdriver","driverVersion":"1.2.0","platform":"windows-8-32bit","javascriptEnabled":true,"takesScreenshot":true,"handlesAlerts":false,"databaseEnabled":false,"locationContextEnabled":false,"applicationCacheEnabled":false,"browserConnectionEnabled":false,"cssSelectorsEnabled":true,"webStorageEnabled":false,"rotatable":false,"acceptSslCerts":false,"nativeEvents":true,"proxy":{"proxyType":"direct"}}
[INFO  - 2017-06-21T19:08:47.031Z] SessionManagerReqHand - _postNewSessionCommand - New Session Created: 0d4c1a10-56b5-11e7-a89e-99f14c06e650
[INFO  - 2017-06-21T19:08:47.341Z] ShutdownReqHand - _handle - About to shutdown
[INFO  - 2017-06-21T19:11:40.557Z] GhostDriver - Main - running on port 45161
[INFO  - 2017-06-21T19:11:40.786Z] Session [74dd29d0-56b5-11e7-84e5-cd5e3ca96446] - page.settings - {"XSSAuditingEnabled":false,"javascriptCanCloseWindows":true,"javascriptCanOpenWindows":true,"javascriptEnabled":true,"loadImages":true,"localToRemoteUrlAccessEnabled":false,"userAgent":"Mozilla/5.0 (Windows NT 6.2; WOW64) AppleWebKit/538.1 (KHTML, like Gecko) PhantomJS/2.0.0 Safari/538.1","webSecurityEnabled":true}
[INFO  - 2017-06-21T19:11:40.787Z] Session [74dd29d0-56b5-11e7-84e5-cd5e3ca96446] - page.customHeaders:  - {}
[INFO  - 2017-06-21T19:11:40.787Z] Session [74dd29d0-56b5-11e7-84e5-cd5e3ca96446] - Session.negotiatedCapabilities - {"browserName":"phantomjs","version":"2.0.0","driverName":"ghostdriver","driverVersion":"1.2.0","platform":"windows-8-32bit","javascriptEnabled":true,"takesScreenshot":true,"handlesAlerts":false,"databaseEnabled":false,"locationContextEnabled":false,"applicationCacheEnabled":false,"browserConnectionEnabled":false,"cssSelectorsEnabled":true,"webStorageEnabled":false,"rotatable":false,"acceptSslCerts":false,"nativeEvents":true,"proxy":{"proxyType":"direct"}}
[INFO  - 2017-06-21T19:11:40.787Z] SessionManagerReqHand - _postNewSessionCommand - New Session Created: 74dd29d0-56b5-11e7-84e5-cd5e3ca96446
[INFO  - 2017-06-21T19:11:41.232Z] ShutdownReqHand - _handle - About to shutdown
[INFO  - 2017-07-11T14:41:13.119Z] GhostDriver - Main - running on port 30336
[INFO  - 2017-07-11T14:41:13.537Z] Session [fcee77c0-6646-11e7-b6fa-3d1586707123] - page.settings - {"XSSAuditingEnabled":false,"javascriptCanCloseWindows":true,"javascriptCanOpenWindows":true,"javascriptEnabled":true,"loadImages":true,"localToRemoteUrlAccessEnabled":false,"userAgent":"Mozilla/5.0 (Windows NT 6.2; WOW64) AppleWebKit/538.1 (KHTML, like Gecko) PhantomJS/2.0.0 Safari/538.1","webSecurityEnabled":true}
[INFO  - 2017-07-11T14:41:13.538Z] Session [fcee77c0-6646-11e7-b6fa-3d1586707123] - page.customHeaders:  - {}
[INFO  - 2017-07-11T14:41:13.538Z] Session [fcee77c0-6646-11e7-b6fa-3d1586707123] - Session.negotiatedCapabilities - {"browserName":"phantomjs","version":"2.0.0","driverName":"ghostdriver","driverVersion":"1.2.0","platform":"windows-8-32bit","javascriptEnabled":true,"takesScreenshot":true,"handlesAlerts":false,"databaseEnabled":false,"locationContextEnabled":false,"applicationCacheEnabled":false,"browserConnectionEnabled":false,"cssSelectorsEnabled":true,"webStorageEnabled":false,"rotatable":false,"acceptSslCerts":false,"nativeEvents":true,"proxy":{"proxyType":"direct"}}
[INFO  - 2017-07-11T14:41:13.538Z] SessionManagerReqHand - _postNewSessionCommand - New Session Created: fcee77c0-6646-11e7-b6fa-3d1586707123
[INFO  - 2017-07-11T14:41:14.095Z] ShutdownReqHand - _handle - About to shutdown
